<?xml version="1.0" encoding="UTF-8"?>
<testng-results skipped="0" failed="0" ignored="0" total="1" passed="1">
  <reporter-output>
  </reporter-output>
  <suite name="Default suite" duration-ms="5325" started-at="2018-08-03T13:27:15Z" finished-at="2018-08-03T13:27:21Z">
    <groups>
    </groups>
    <test name="Default test" duration-ms="5325" started-at="2018-08-03T13:27:15Z" finished-at="2018-08-03T13:27:21Z">
      <class name="com.cigniti.guardant.pdfcompare.PdfComparision">
        <test-method status="PASS" signature="testPDFComparision()[pri:0, instance:com.cigniti.guardant.pdfcompare.PdfComparision@396a51ab]" name="testPDFComparision" duration-ms="5309" started-at="2018-08-03T18:57:15Z" finished-at="2018-08-03T18:57:21Z">
          <reporter-output>
          </reporter-output>
        </test-method> <!-- testPDFComparision -->
      </class> <!-- com.cigniti.guardant.pdfcompare.PdfComparision -->
    </test> <!-- Default test -->
  </suite> <!-- Default suite -->
</testng-results>
